<?xml version="1.0" encoding="UTF-8"?>
<robot generator="Robot 4.0.1 (Python 3.8.9 on darwin)" generated="20210506 22:07:50.035" rpa="false" schemaversion="2">
<suite id="s1" name="Carrinho" source="/Users/sandralourenco/Desktop/rw5/parodifood/tests/carrinho.robot">
<test id="s1-t1" name="Deve adicionar um item ao carrinho">
<kw name="Start Session" library="base" type="SETUP">
<kw name="New Browser" library="Browser">
<arg>chromium</arg>
<arg>False</arg>
<tag>BrowserControl</tag>
<tag>Setter</tag>
<doc>Create a new playwright Browser with specified options.
See `Browser, Context and Page` for more information about Browser and related concepts.</doc>
<msg timestamp="20210506 22:07:51.121" level="INFO">{"browser": "chromium", "headless": false, "handleSIGINT": true, "handleSIGTERM": true, "handleSIGHUP": true, "timeout": 30000.0, "devtools": false, "slowMo": 0.0}</msg>
<msg timestamp="20210506 22:07:52.310" level="INFO">Successfully created browser with options: {"browser":"chromium","headless":false,"handleSIGINT":true,"handleSIGTERM":true,"handleSIGHUP":true,"timeout":30000,"devtools":false,"slowMo":0}</msg>
<status status="PASS" starttime="20210506 22:07:51.121" endtime="20210506 22:07:52.311"/>
</kw>
<kw name="New Page" library="Browser">
<arg>http://parodifood.qaninja.academy/</arg>
<tag>BrowserControl</tag>
<tag>Setter</tag>
<doc>Open a new Page. A Page is the Playwright equivalent to a tab.
See `Browser, Context and Page` for more information about Page concept.
Returns a stable identifier for the created page.</doc>
<msg timestamp="20210506 22:07:55.701" level="INFO">Successfully initialized new page object and opened url: http://parodifood.qaninja.academy/</msg>
<status status="PASS" starttime="20210506 22:07:52.311" endtime="20210506 22:07:55.702"/>
</kw>
<kw name="Get Text" library="Browser">
<arg>css=span</arg>
<arg>contains</arg>
<arg>Nunca foi tão engraçado pedir comida</arg>
<tag>Assertion</tag>
<tag>Getter</tag>
<tag>PageContent</tag>
<doc>Returns text attribute of the element found by ``selector``.
See the `Finding elements` section for details about the selectors.</doc>
<status status="PASS" starttime="20210506 22:07:55.702" endtime="20210506 22:07:55.770"/>
</kw>
<status status="PASS" starttime="20210506 22:07:51.120" endtime="20210506 22:07:55.770"/>
</kw>
<kw name="Create Dictionary" library="BuiltIn">
<var>&amp;{restaurant}</var>
<arg>restaurant=STARBUGS COFFEE</arg>
<arg>desc=Nada melhor que um café pra te ajudar a resolver um bug.</arg>
<doc>Creates and returns a dictionary based on the given ``items``.</doc>
<msg timestamp="20210506 22:07:55.772" level="INFO">&amp;{restaurant} = { restaurant=STARBUGS COFFEE | desc=Nada melhor que um café pra te ajudar a resolver um bug. }</msg>
<status status="PASS" starttime="20210506 22:07:55.771" endtime="20210506 22:07:55.772"/>
</kw>
<kw name="Go To Restaurants" library="search">
<kw name="Click" library="Browser">
<arg>text=Estou com fome!</arg>
<tag>PageContent</tag>
<tag>Setter</tag>
<doc>Simulates mouse click on the element found by ``selector``.</doc>
<status status="PASS" starttime="20210506 22:07:55.773" endtime="20210506 22:07:55.931"/>
</kw>
<kw name="Get Text" library="Browser">
<arg>css=h1 strong</arg>
<arg>contains</arg>
<arg>Ta na hora de matar a fome!</arg>
<tag>Assertion</tag>
<tag>Getter</tag>
<tag>PageContent</tag>
<doc>Returns text attribute of the element found by ``selector``.
See the `Finding elements` section for details about the selectors.</doc>
<status status="PASS" starttime="20210506 22:07:55.932" endtime="20210506 22:07:55.956"/>
</kw>
<status status="PASS" starttime="20210506 22:07:55.772" endtime="20210506 22:07:55.957"/>
</kw>
<kw name="Choose Restaurant" library="search">
<arg>${restaurant}</arg>
<kw name="Click" library="Browser">
<arg>text=${super_var["restaurant"]}</arg>
<tag>PageContent</tag>
<tag>Setter</tag>
<doc>Simulates mouse click on the element found by ``selector``.</doc>
<status status="PASS" starttime="20210506 22:07:55.957" endtime="20210506 22:07:56.945"/>
</kw>
<kw name="Wait For Elements State" library="Browser">
<arg>css=#detail</arg>
<arg>visible</arg>
<arg>10</arg>
<tag>PageContent</tag>
<tag>Wait</tag>
<doc>Waits for the element found by ``selector`` to satisfy state option.</doc>
<msg timestamp="20210506 22:07:56.956" level="INFO">Wait for Element with selector: css=#detail</msg>
<status status="PASS" starttime="20210506 22:07:56.946" endtime="20210506 22:07:56.956"/>
</kw>
<kw name="Get Text" library="Browser">
<arg>css=#detail</arg>
<arg>contains</arg>
<arg>${super_var["desc"]}</arg>
<tag>Assertion</tag>
<tag>Getter</tag>
<tag>PageContent</tag>
<doc>Returns text attribute of the element found by ``selector``.
See the `Finding elements` section for details about the selectors.</doc>
<status status="PASS" starttime="20210506 22:07:56.956" endtime="20210506 22:07:57.046"/>
</kw>
<status status="PASS" starttime="20210506 22:07:55.957" endtime="20210506 22:07:57.046"/>
</kw>
<kw name="Add To Cart" library="cart">
<arg>Starbugs 500 error</arg>
<kw name="Click" library="Browser">
<arg>xpath=//span[text()="${name}"]/..//a[@class="add-to-cart"]</arg>
<tag>PageContent</tag>
<tag>Setter</tag>
<doc>Simulates mouse click on the element found by ``selector``.</doc>
<status status="PASS" starttime="20210506 22:07:57.047" endtime="20210506 22:07:57.549"/>
</kw>
<status status="PASS" starttime="20210506 22:07:57.046" endtime="20210506 22:07:57.549"/>
</kw>
<kw name="Should Add To Cart" library="cart">
<arg>Starbugs 500 error</arg>
<kw name="Wait For Elements State" library="Browser">
<arg>css=#cart tr &gt;&gt; text=${name}</arg>
<arg>visible</arg>
<arg>5</arg>
<tag>PageContent</tag>
<tag>Wait</tag>
<doc>Waits for the element found by ``selector`` to satisfy state option.</doc>
<msg timestamp="20210506 22:07:57.571" level="INFO">Wait for Element with selector: css=#cart tr &gt;&gt; text=Starbugs 500 error</msg>
<status status="PASS" starttime="20210506 22:07:57.550" endtime="20210506 22:07:57.571"/>
</kw>
<status status="PASS" starttime="20210506 22:07:57.549" endtime="20210506 22:07:57.572"/>
</kw>
<kw name="Total Cart Should Be" library="cart">
<arg>15,60</arg>
<kw name="Log" library="BuiltIn">
<arg>${total}</arg>
<doc>Logs the given message with the given level.</doc>
<msg timestamp="20210506 22:07:57.572" level="INFO">15,60</msg>
<status status="PASS" starttime="20210506 22:07:57.572" endtime="20210506 22:07:57.572"/>
</kw>
<kw name="Get Text" library="Browser">
<arg>xpath=//th[contains(text(),"Total")]/..//td</arg>
<arg>contains</arg>
<arg>${total}</arg>
<tag>Assertion</tag>
<tag>Getter</tag>
<tag>PageContent</tag>
<doc>Returns text attribute of the element found by ``selector``.
See the `Finding elements` section for details about the selectors.</doc>
<status status="PASS" starttime="20210506 22:07:57.573" endtime="20210506 22:07:57.596"/>
</kw>
<status status="PASS" starttime="20210506 22:07:57.572" endtime="20210506 22:07:57.597"/>
</kw>
<kw name="Take Screenshot" library="Browser" type="TEARDOWN">
<tag>PageContent</tag>
<doc>Takes a screenshot of the current window and saves it to ``path``. Saves it as a png.</doc>
<msg timestamp="20210506 22:07:57.740" level="INFO" html="true">&lt;/td&gt;&lt;/tr&gt;&lt;tr&gt;&lt;td colspan="3"&gt;&lt;a href="browser/screenshot/robotframework-browser-screenshot-1.png"&gt;&lt;img src="browser/screenshot/robotframework-browser-screenshot-1.png" width="800px"&gt;&lt;/a&gt;</msg>
<status status="PASS" starttime="20210506 22:07:57.597" endtime="20210506 22:07:57.740"/>
</kw>
<status status="PASS" starttime="20210506 22:07:51.118" endtime="20210506 22:07:57.740"/>
</test>
<test id="s1-t2" name="Deve adicionar 3 itens ao carrinho">
<kw name="Start Session" library="base" type="SETUP">
<kw name="New Browser" library="Browser">
<arg>chromium</arg>
<arg>False</arg>
<tag>BrowserControl</tag>
<tag>Setter</tag>
<doc>Create a new playwright Browser with specified options.
See `Browser, Context and Page` for more information about Browser and related concepts.</doc>
<msg timestamp="20210506 22:07:57.829" level="INFO">{"browser": "chromium", "headless": false, "handleSIGINT": true, "handleSIGTERM": true, "handleSIGHUP": true, "timeout": 30000.0, "devtools": false, "slowMo": 0.0}</msg>
<msg timestamp="20210506 22:07:58.283" level="INFO">Successfully created browser with options: {"browser":"chromium","headless":false,"handleSIGINT":true,"handleSIGTERM":true,"handleSIGHUP":true,"timeout":30000,"devtools":false,"slowMo":0}</msg>
<status status="PASS" starttime="20210506 22:07:57.828" endtime="20210506 22:07:58.284"/>
</kw>
<kw name="New Page" library="Browser">
<arg>http://parodifood.qaninja.academy/</arg>
<tag>BrowserControl</tag>
<tag>Setter</tag>
<doc>Open a new Page. A Page is the Playwright equivalent to a tab.
See `Browser, Context and Page` for more information about Page concept.
Returns a stable identifier for the created page.</doc>
<msg timestamp="20210506 22:08:01.148" level="INFO">Successfully initialized new page object and opened url: http://parodifood.qaninja.academy/</msg>
<status status="PASS" starttime="20210506 22:07:58.284" endtime="20210506 22:08:01.149"/>
</kw>
<kw name="Get Text" library="Browser">
<arg>css=span</arg>
<arg>contains</arg>
<arg>Nunca foi tão engraçado pedir comida</arg>
<tag>Assertion</tag>
<tag>Getter</tag>
<tag>PageContent</tag>
<doc>Returns text attribute of the element found by ``selector``.
See the `Finding elements` section for details about the selectors.</doc>
<status status="PASS" starttime="20210506 22:08:01.149" endtime="20210506 22:08:01.202"/>
</kw>
<status status="PASS" starttime="20210506 22:07:57.828" endtime="20210506 22:08:01.203"/>
</kw>
<kw name="Get JSON" library="base">
<var>${cart_json}</var>
<arg>cart.json</arg>
<kw name="Get File" library="OperatingSystem">
<var>${file}</var>
<arg>${EXECDIR}/resources/fixtures/${file_name}</arg>
<doc>Returns the contents of a specified file.</doc>
<msg timestamp="20210506 22:08:01.204" level="INFO" html="true">Getting file '&lt;a href="file:///Users/sandralourenco/Desktop/rw5/parodifood/resources/fixtures/cart.json"&gt;/Users/sandralourenco/Desktop/rw5/parodifood/resources/fixtures/cart.json&lt;/a&gt;'.</msg>
<msg timestamp="20210506 22:08:01.205" level="INFO">${file} = {
    "restaurant": "STARBUGS COFFEE",
    "desc": "Nada melhor que um café pra te ajudar a resolver um bug.",
    "products": [
        {
            "name": "Cappuccino com Chantilly"
        },
   ...</msg>
<status status="PASS" starttime="20210506 22:08:01.204" endtime="20210506 22:08:01.205"/>
</kw>
<kw name="Evaluate" library="BuiltIn">
<var>${super_var}</var>
<arg>json.loads($file)</arg>
<arg>json</arg>
<doc>Evaluates the given expression in Python and returns the result.</doc>
<msg timestamp="20210506 22:08:01.213" level="INFO">${super_var} = {'restaurant': 'STARBUGS COFFEE', 'desc': 'Nada melhor que um café pra te ajudar a resolver um bug.', 'products': [{'name': 'Cappuccino com Chantilly'}, {'name': 'Super Espreso'}, {'name': 'Starbugs 5...</msg>
<status status="PASS" starttime="20210506 22:08:01.205" endtime="20210506 22:08:01.213"/>
</kw>
<msg timestamp="20210506 22:08:01.214" level="INFO">${cart_json} = {'restaurant': 'STARBUGS COFFEE', 'desc': 'Nada melhor que um café pra te ajudar a resolver um bug.', 'products': [{'name': 'Cappuccino com Chantilly'}, {'name': 'Super Espreso'}, {'name': 'Starbugs 5...</msg>
<status status="PASS" starttime="20210506 22:08:01.203" endtime="20210506 22:08:01.214"/>
</kw>
<kw name="Go To Restaurants" library="search">
<kw name="Click" library="Browser">
<arg>text=Estou com fome!</arg>
<tag>PageContent</tag>
<tag>Setter</tag>
<doc>Simulates mouse click on the element found by ``selector``.</doc>
<status status="PASS" starttime="20210506 22:08:01.215" endtime="20210506 22:08:01.344"/>
</kw>
<kw name="Get Text" library="Browser">
<arg>css=h1 strong</arg>
<arg>contains</arg>
<arg>Ta na hora de matar a fome!</arg>
<tag>Assertion</tag>
<tag>Getter</tag>
<tag>PageContent</tag>
<doc>Returns text attribute of the element found by ``selector``.
See the `Finding elements` section for details about the selectors.</doc>
<status status="PASS" starttime="20210506 22:08:01.344" endtime="20210506 22:08:01.366"/>
</kw>
<status status="PASS" starttime="20210506 22:08:01.215" endtime="20210506 22:08:01.366"/>
</kw>
<kw name="Choose Restaurant" library="search">
<arg>${cart_json}</arg>
<kw name="Click" library="Browser">
<arg>text=${super_var["restaurant"]}</arg>
<tag>PageContent</tag>
<tag>Setter</tag>
<doc>Simulates mouse click on the element found by ``selector``.</doc>
<status status="PASS" starttime="20210506 22:08:01.367" endtime="20210506 22:08:02.225"/>
</kw>
<kw name="Wait For Elements State" library="Browser">
<arg>css=#detail</arg>
<arg>visible</arg>
<arg>10</arg>
<tag>PageContent</tag>
<tag>Wait</tag>
<doc>Waits for the element found by ``selector`` to satisfy state option.</doc>
<msg timestamp="20210506 22:08:02.236" level="INFO">Wait for Element with selector: css=#detail</msg>
<status status="PASS" starttime="20210506 22:08:02.226" endtime="20210506 22:08:02.236"/>
</kw>
<kw name="Get Text" library="Browser">
<arg>css=#detail</arg>
<arg>contains</arg>
<arg>${super_var["desc"]}</arg>
<tag>Assertion</tag>
<tag>Getter</tag>
<tag>PageContent</tag>
<doc>Returns text attribute of the element found by ``selector``.
See the `Finding elements` section for details about the selectors.</doc>
<status status="PASS" starttime="20210506 22:08:02.236" endtime="20210506 22:08:02.284"/>
</kw>
<status status="PASS" starttime="20210506 22:08:01.367" endtime="20210506 22:08:02.285"/>
</kw>
<for flavor="IN">
<var>${product}</var>
<value>@{cart_json["products"]}</value>
<iter>
<var name="${product}">{'name': 'Cappuccino com Chantilly'}</var>
<kw name="Add To Cart" library="cart">
<arg>${product["name"]}</arg>
<kw name="Click" library="Browser">
<arg>xpath=//span[text()="${name}"]/..//a[@class="add-to-cart"]</arg>
<tag>PageContent</tag>
<tag>Setter</tag>
<doc>Simulates mouse click on the element found by ``selector``.</doc>
<status status="PASS" starttime="20210506 22:08:02.286" endtime="20210506 22:08:02.768"/>
</kw>
<status status="PASS" starttime="20210506 22:08:02.286" endtime="20210506 22:08:02.768"/>
</kw>
<kw name="Should Add To Cart" library="cart">
<arg>${product["name"]}</arg>
<kw name="Wait For Elements State" library="Browser">
<arg>css=#cart tr &gt;&gt; text=${name}</arg>
<arg>visible</arg>
<arg>5</arg>
<tag>PageContent</tag>
<tag>Wait</tag>
<doc>Waits for the element found by ``selector`` to satisfy state option.</doc>
<msg timestamp="20210506 22:08:02.785" level="INFO">Wait for Element with selector: css=#cart tr &gt;&gt; text=Cappuccino com Chantilly</msg>
<status status="PASS" starttime="20210506 22:08:02.770" endtime="20210506 22:08:02.785"/>
</kw>
<status status="PASS" starttime="20210506 22:08:02.769" endtime="20210506 22:08:02.785"/>
</kw>
<status status="PASS" starttime="20210506 22:08:02.285" endtime="20210506 22:08:02.785"/>
</iter>
<iter>
<var name="${product}">{'name': 'Super Espreso'}</var>
<kw name="Add To Cart" library="cart">
<arg>${product["name"]}</arg>
<kw name="Click" library="Browser">
<arg>xpath=//span[text()="${name}"]/..//a[@class="add-to-cart"]</arg>
<tag>PageContent</tag>
<tag>Setter</tag>
<doc>Simulates mouse click on the element found by ``selector``.</doc>
<status status="PASS" starttime="20210506 22:08:02.787" endtime="20210506 22:08:02.842"/>
</kw>
<status status="PASS" starttime="20210506 22:08:02.786" endtime="20210506 22:08:02.843"/>
</kw>
<kw name="Should Add To Cart" library="cart">
<arg>${product["name"]}</arg>
<kw name="Wait For Elements State" library="Browser">
<arg>css=#cart tr &gt;&gt; text=${name}</arg>
<arg>visible</arg>
<arg>5</arg>
<tag>PageContent</tag>
<tag>Wait</tag>
<doc>Waits for the element found by ``selector`` to satisfy state option.</doc>
<msg timestamp="20210506 22:08:02.855" level="INFO">Wait for Element with selector: css=#cart tr &gt;&gt; text=Super Espreso</msg>
<status status="PASS" starttime="20210506 22:08:02.844" endtime="20210506 22:08:02.855"/>
</kw>
<status status="PASS" starttime="20210506 22:08:02.843" endtime="20210506 22:08:02.855"/>
</kw>
<status status="PASS" starttime="20210506 22:08:02.785" endtime="20210506 22:08:02.856"/>
</iter>
<iter>
<var name="${product}">{'name': 'Starbugs 500 error'}</var>
<kw name="Add To Cart" library="cart">
<arg>${product["name"]}</arg>
<kw name="Click" library="Browser">
<arg>xpath=//span[text()="${name}"]/..//a[@class="add-to-cart"]</arg>
<tag>PageContent</tag>
<tag>Setter</tag>
<doc>Simulates mouse click on the element found by ``selector``.</doc>
<status status="PASS" starttime="20210506 22:08:02.857" endtime="20210506 22:08:02.912"/>
</kw>
<status status="PASS" starttime="20210506 22:08:02.856" endtime="20210506 22:08:02.912"/>
</kw>
<kw name="Should Add To Cart" library="cart">
<arg>${product["name"]}</arg>
<kw name="Wait For Elements State" library="Browser">
<arg>css=#cart tr &gt;&gt; text=${name}</arg>
<arg>visible</arg>
<arg>5</arg>
<tag>PageContent</tag>
<tag>Wait</tag>
<doc>Waits for the element found by ``selector`` to satisfy state option.</doc>
<msg timestamp="20210506 22:08:02.925" level="INFO">Wait for Element with selector: css=#cart tr &gt;&gt; text=Starbugs 500 error</msg>
<status status="PASS" starttime="20210506 22:08:02.914" endtime="20210506 22:08:02.925"/>
</kw>
<status status="PASS" starttime="20210506 22:08:02.912" endtime="20210506 22:08:02.925"/>
</kw>
<status status="PASS" starttime="20210506 22:08:02.856" endtime="20210506 22:08:02.925"/>
</iter>
<status status="PASS" starttime="20210506 22:08:02.285" endtime="20210506 22:08:02.925"/>
</for>
<kw name="Total Cart Should Be" library="cart">
<arg>${cart_json["total"]}</arg>
<kw name="Log" library="BuiltIn">
<arg>${total}</arg>
<doc>Logs the given message with the given level.</doc>
<msg timestamp="20210506 22:08:02.927" level="INFO">38,00</msg>
<status status="PASS" starttime="20210506 22:08:02.927" endtime="20210506 22:08:02.927"/>
</kw>
<kw name="Get Text" library="Browser">
<arg>xpath=//th[contains(text(),"Total")]/..//td</arg>
<arg>contains</arg>
<arg>${total}</arg>
<tag>Assertion</tag>
<tag>Getter</tag>
<tag>PageContent</tag>
<doc>Returns text attribute of the element found by ``selector``.
See the `Finding elements` section for details about the selectors.</doc>
<status status="PASS" starttime="20210506 22:08:02.928" endtime="20210506 22:08:02.949"/>
</kw>
<status status="PASS" starttime="20210506 22:08:02.925" endtime="20210506 22:08:02.949"/>
</kw>
<kw name="Take Screenshot" library="Browser" type="TEARDOWN">
<tag>PageContent</tag>
<doc>Takes a screenshot of the current window and saves it to ``path``. Saves it as a png.</doc>
<msg timestamp="20210506 22:08:03.089" level="INFO" html="true">&lt;/td&gt;&lt;/tr&gt;&lt;tr&gt;&lt;td colspan="3"&gt;&lt;a href="browser/screenshot/robotframework-browser-screenshot-2.png"&gt;&lt;img src="browser/screenshot/robotframework-browser-screenshot-2.png" width="800px"&gt;&lt;/a&gt;</msg>
<status status="PASS" starttime="20210506 22:08:02.949" endtime="20210506 22:08:03.089"/>
</kw>
<tag>temp</tag>
<status status="PASS" starttime="20210506 22:07:57.819" endtime="20210506 22:08:03.089"/>
</test>
<status status="PASS" starttime="20210506 22:07:50.036" endtime="20210506 22:08:03.168"/>
</suite>
<statistics>
<total>
<stat pass="2" fail="0" skip="0">All Tests</stat>
</total>
<tag>
<stat pass="1" fail="0" skip="0">temp</stat>
</tag>
<suite>
<stat pass="2" fail="0" skip="0" id="s1" name="Carrinho">Carrinho</stat>
</suite>
</statistics>
<errors>
</errors>
</robot>
